::1 - - [27/May/2021:16:59:39 +0200] "GET / HTTP/1.1" 200 609
::1 - - [27/May/2021:16:59:39 +0200] "GET / HTTP/1.1" 304 -
::1 - - [27/May/2021:16:59:39 +0200] "GET /js/main.js?gfgdd=%3C?=time()?%3E HTTP/1.1" 304 -
::1 - - [27/May/2021:16:59:39 +0200] "GET /js/sceneMain.js?ddgff=%3C?=time()?%3E HTTP/1.1" 304 -
::1 - - [27/May/2021:16:59:39 +0200] "GET /js/splash.js?agdf=%3C?=time()?%3E HTTP/1.1" 200 1463
::1 - - [27/May/2021:16:59:39 +0200] "GET /js/menu.js?jdf=%3C?=time()?%3E HTTP/1.1" 304 -
::1 - - [27/May/2021:16:59:39 +0200] "GET /js/pause.js?fgdd=%3C?=time()?%3E HTTP/1.1" 304 -
::1 - - [27/May/2021:16:59:39 +0200] "GET /js/phaser.min.js?hfd=%3C?=time()?%3E HTTP/1.1" 304 -
::1 - - [27/May/2021:16:59:39 +0200] "GET /assets/square.png HTTP/1.1" 200 3576
::1 - - [27/May/2021:16:59:39 +0200] "GET /Sound/Effects/open.mp3 HTTP/1.1" 304 -
::1 - - [27/May/2021:16:59:39 +0200] "GET /favicon.ico HTTP/1.1" 404 209
::1 - - [27/May/2021:16:59:43 +0200] "GET /assets/ui/fullscreen.png HTTP/1.1" 304 -
::1 - - [27/May/2021:16:59:43 +0200] "GET /assets/1.png HTTP/1.1" 304 -
::1 - - [27/May/2021:16:59:43 +0200] "GET /assets/world/Utitled.png HTTP/1.1" 304 -
::1 - - [27/May/2021:17:00:40 +0200] "GET / HTTP/1.1" 304 -
::1 - - [27/May/2021:17:00:40 +0200] "GET /js/splash.js?agdf=%3C?=time()?%3E HTTP/1.1" 200 1485
::1 - - [27/May/2021:17:00:41 +0200] "GET /assets/square.png HTTP/1.1" 304 -
::1 - - [27/May/2021:17:00:51 +0200] "GET / HTTP/1.1" 304 -
::1 - - [27/May/2021:17:00:51 +0200] "GET /js/splash.js?agdf=%3C?=time()?%3E HTTP/1.1" 200 1485
::1 - - [27/May/2021:17:01:40 +0200] "GET / HTTP/1.1" 304 -
::1 - - [27/May/2021:17:01:40 +0200] "GET /js/splash.js?agdf=%3C?=time()?%3E HTTP/1.1" 304 -
::1 - - [27/May/2021:17:01:41 +0200] "GET /assets/square.png HTTP/1.1" 200 3599
::1 - - [27/May/2021:17:01:51 +0200] "GET / HTTP/1.1" 304 -
::1 - - [27/May/2021:17:01:51 +0200] "GET /js/splash.js?agdf=%3C?=time()?%3E HTTP/1.1" 304 -
::1 - - [27/May/2021:17:01:51 +0200] "GET /assets/square.png HTTP/1.1" 304 -
::1 - - [27/May/2021:17:02:16 +0200] "GET / HTTP/1.1" 304 -
::1 - - [27/May/2021:17:02:16 +0200] "GET /js/splash.js?agdf=%3C?=time()?%3E HTTP/1.1" 304 -
::1 - - [27/May/2021:17:02:16 +0200] "GET /assets/square.png HTTP/1.1" 200 3574
::1 - - [27/May/2021:17:02:22 +0200] "GET / HTTP/1.1" 304 -
::1 - - [27/May/2021:17:02:22 +0200] "GET /assets/square.png HTTP/1.1" 304 -
::1 - - [27/May/2021:17:02:26 +0200] "GET / HTTP/1.1" 304 -
::1 - - [27/May/2021:17:02:26 +0200] "GET /js/splash.js?agdf=%3C?=time()?%3E HTTP/1.1" 304 -
::1 - - [27/May/2021:17:02:26 +0200] "GET /assets/square.png HTTP/1.1" 304 -
::1 - - [27/May/2021:17:02:39 +0200] "GET / HTTP/1.1" 304 -
::1 - - [27/May/2021:17:02:39 +0200] "GET /js/splash.js?agdf=%3C?=time()?%3E HTTP/1.1" 200 1485
::1 - - [27/May/2021:17:02:39 +0200] "GET /assets/square.png HTTP/1.1" 304 -
::1 - - [27/May/2021:17:20:37 +0200] "GET / HTTP/1.1" 304 -
::1 - - [27/May/2021:17:20:37 +0200] "GET /js/sceneMain.js?ddgff=%3C?=time()?%3E HTTP/1.1" 304 -
::1 - - [27/May/2021:17:20:37 +0200] "GET /js/splash.js?agdf=%3C?=time()?%3E HTTP/1.1" 304 -
::1 - - [27/May/2021:17:20:37 +0200] "GET /assets/square.png HTTP/1.1" 304 -
::1 - - [27/May/2021:17:21:02 +0200] "GET / HTTP/1.1" 304 -
::1 - - [27/May/2021:17:21:02 +0200] "GET / HTTP/1.1" 200 609
::1 - - [27/May/2021:17:21:14 +0200] "GET / HTTP/1.1" 200 610
::1 - - [27/May/2021:17:21:14 +0200] "GET /js/main.js?gfcgdd=%3C?=time()?%3E HTTP/1.1" 200 583
::1 - - [27/May/2021:17:21:24 +0200] "GET / HTTP/1.1" 304 -
::1 - - [27/May/2021:17:21:24 +0200] "GET /js/main.js?gfcgdd=%3C?=time()?%3E HTTP/1.1" 200 582
::1 - - [27/May/2021:17:22:34 +0200] "GET / HTTP/1.1" 304 -
::1 - - [27/May/2021:17:22:34 +0200] "GET /js/splash.js?agdf=%3C?=time()?%3E HTTP/1.1" 304 -
::1 - - [27/May/2021:17:22:34 +0200] "GET /js/main.js?gfcgdd=%3C?=time()?%3E HTTP/1.1" 200 582
::1 - - [27/May/2021:17:22:34 +0200] "GET /assets/square.png HTTP/1.1" 304 -
::1 - - [27/May/2021:17:22:52 +0200] "GET / HTTP/1.1" 304 -
::1 - - [27/May/2021:17:22:52 +0200] "GET /js/main.js?gfcgdd=%3C?=time()?%3E HTTP/1.1" 304 -
::1 - - [27/May/2021:17:23:12 +0200] "GET / HTTP/1.1" 304 -
::1 - - [27/May/2021:17:23:12 +0200] "GET /js/main.js?gfcgdd=%3C?=time()?%3E HTTP/1.1" 304 -
::1 - - [27/May/2021:17:24:12 +0200] "GET / HTTP/1.1" 304 -
::1 - - [27/May/2021:17:24:12 +0200] "GET /js/main.js?gfcgdd=%3C?=time()?%3E HTTP/1.1" 200 582
::1 - - [27/May/2021:17:24:39 +0200] "GET / HTTP/1.1" 304 -
::1 - - [27/May/2021:17:24:39 +0200] "GET /js/main.js?gfcgdd=%3C?=time()?%3E HTTP/1.1" 304 -
::1 - - [27/May/2021:17:24:39 +0200] "GET /js/splash.js?agdf=%3C?=time()?%3E HTTP/1.1" 200 1489
::1 - - [27/May/2021:17:24:39 +0200] "GET /assets/square.png HTTP/1.1" 304 -
::1 - - [27/May/2021:17:24:59 +0200] "GET / HTTP/1.1" 304 -
::1 - - [27/May/2021:17:24:59 +0200] "GET /js/main.js?gfcgdd=%3C?=time()?%3E HTTP/1.1" 304 -
::1 - - [27/May/2021:17:24:59 +0200] "GET /js/splash.js?agdf=%3C?=time()?%3E HTTP/1.1" 200 1489
::1 - - [27/May/2021:17:25:09 +0200] "GET / HTTP/1.1" 304 -
::1 - - [27/May/2021:17:25:09 +0200] "GET /js/main.js?gfcgdd=%3C?=time()?%3E HTTP/1.1" 304 -
::1 - - [27/May/2021:17:25:09 +0200] "GET /js/splash.js?agdf=%3C?=time()?%3E HTTP/1.1" 304 -
::1 - - [27/May/2021:17:25:24 +0200] "GET / HTTP/1.1" 304 -
::1 - - [27/May/2021:17:25:24 +0200] "GET /js/main.js?gfcgdd=%3C?=time()?%3E HTTP/1.1" 304 -
::1 - - [27/May/2021:17:25:24 +0200] "GET /js/splash.js?agdf=%3C?=time()?%3E HTTP/1.1" 200 1489
::1 - - [27/May/2021:17:25:41 +0200] "GET / HTTP/1.1" 304 -
::1 - - [27/May/2021:17:25:41 +0200] "GET / HTTP/1.1" 200 610
::1 - - [27/May/2021:17:25:41 +0200] "GET /js/main.js?gfcgdd=%3C?=time()?%3E HTTP/1.1" 304 -
::1 - - [27/May/2021:17:25:41 +0200] "GET /js/splash.js?agdf=%3C?=time()?%3E HTTP/1.1" 200 1494
::1 - - [27/May/2021:17:25:50 +0200] "GET / HTTP/1.1" 304 -
::1 - - [27/May/2021:17:25:50 +0200] "GET /js/splash.js?agdf=%3C?=time()?%3E HTTP/1.1" 200 1494
::1 - - [27/May/2021:17:26:06 +0200] "GET / HTTP/1.1" 304 -
::1 - - [27/May/2021:17:26:06 +0200] "GET /js/main.js?gfcgdd=%3C?=time()?%3E HTTP/1.1" 304 -
::1 - - [27/May/2021:17:26:06 +0200] "GET /js/splash.js?agdf=%3C?=time()?%3E HTTP/1.1" 200 1494
::1 - - [27/May/2021:17:26:17 +0200] "GET / HTTP/1.1" 304 -
::1 - - [27/May/2021:17:26:17 +0200] "GET /js/pause.js?fgdd=%3C?=time()?%3E HTTP/1.1" 304 -
::1 - - [27/May/2021:17:26:17 +0200] "GET /js/splash.js?agdf=%3C?=time()?%3E HTTP/1.1" 200 1494
::1 - - [27/May/2021:17:27:55 +0200] "GET / HTTP/1.1" 304 -
::1 - - [27/May/2021:17:27:55 +0200] "GET / HTTP/1.1" 200 610
::1 - - [27/May/2021:17:27:55 +0200] "GET /js/main.js?gfcgdd=%3C?=time()?%3E HTTP/1.1" 304 -
::1 - - [27/May/2021:17:27:55 +0200] "GET /js/splash.js?agdf=%3C?=time()?%3E HTTP/1.1" 200 1421
::1 - - [27/May/2021:17:27:55 +0200] "GET /assets/square.png HTTP/1.1" 304 -
::1 - - [27/May/2021:17:28:31 +0200] "GET / HTTP/1.1" 304 -
::1 - - [27/May/2021:17:28:31 +0200] "GET /js/main.js?gfcgdd=%3C?=time()?%3E HTTP/1.1" 200 588
::1 - - [27/May/2021:17:28:31 +0200] "GET /js/splash.js?agdf=%3C?=time()?%3E HTTP/1.1" 200 1421
::1 - - [27/May/2021:17:29:07 +0200] "GET / HTTP/1.1" 304 -
::1 - - [27/May/2021:17:29:07 +0200] "GET /js/main.js?gfcgdd=%3C?=time()?%3E HTTP/1.1" 304 -
::1 - - [27/May/2021:17:29:07 +0200] "GET /js/splash.js?agdf=%3C?=time()?%3E HTTP/1.1" 304 -
::1 - - [27/May/2021:17:29:24 +0200] "GET / HTTP/1.1" 304 -
::1 - - [27/May/2021:17:29:24 +0200] "GET / HTTP/1.1" 200 610
::1 - - [27/May/2021:17:29:24 +0200] "GET /js/main.js?gfcgdd=%3C?=time()?%3E HTTP/1.1" 304 -
::1 - - [27/May/2021:17:29:24 +0200] "GET /js/splash.js?agdf=%3C?=time()?%3E HTTP/1.1" 200 1460
::1 - - [27/May/2021:17:29:49 +0200] "GET / HTTP/1.1" 304 -
::1 - - [27/May/2021:17:29:49 +0200] "GET /js/main.js?gfcgdd=%3C?=time()?%3E HTTP/1.1" 304 -
::1 - - [27/May/2021:17:29:49 +0200] "GET /js/splash.js?agdf=%3C?=time()?%3E HTTP/1.1" 200 1456
::1 - - [27/May/2021:17:30:17 +0200] "GET / HTTP/1.1" 304 -
::1 - - [27/May/2021:17:30:17 +0200] "GET / HTTP/1.1" 200 610
::1 - - [27/May/2021:17:30:17 +0200] "GET /js/main.js?gfcgdd=%3C?=time()?%3E HTTP/1.1" 304 -
::1 - - [27/May/2021:17:30:17 +0200] "GET /js/splash.js?agdf=%3C?=time()?%3E HTTP/1.1" 200 1456
::1 - - [27/May/2021:17:30:43 +0200] "GET / HTTP/1.1" 304 -
::1 - - [27/May/2021:17:30:43 +0200] "GET /js/main.js?gfcgdd=%3C?=time()?%3E HTTP/1.1" 304 -
::1 - - [27/May/2021:17:30:43 +0200] "GET /js/splash.js?agdf=%3C?=time()?%3E HTTP/1.1" 200 1415
::1 - - [27/May/2021:17:30:43 +0200] "GET /assets/square.png HTTP/1.1" 304 -
::1 - - [27/May/2021:17:31:08 +0200] "GET / HTTP/1.1" 304 -
::1 - - [27/May/2021:17:31:08 +0200] "GET / HTTP/1.1" 200 610
::1 - - [27/May/2021:17:31:09 +0200] "GET /js/main.js?gfcgdd=%3C?=time()?%3E HTTP/1.1" 304 -
::1 - - [27/May/2021:17:31:09 +0200] "GET /js/splash.js?agdf=%3C?=time()?%3E HTTP/1.1" 304 -
::1 - - [27/May/2021:17:31:31 +0200] "GET / HTTP/1.1" 304 -
::1 - - [27/May/2021:17:31:31 +0200] "GET / HTTP/1.1" 200 610
::1 - - [27/May/2021:17:31:31 +0200] "GET /js/main.js?gfcgdd=%3C?=time()?%3E HTTP/1.1" 304 -
::1 - - [27/May/2021:17:31:31 +0200] "GET /js/splash.js?agdf=%3C?=time()?%3E HTTP/1.1" 200 1458
::1 - - [27/May/2021:17:32:10 +0200] "GET / HTTP/1.1" 304 -
::1 - - [27/May/2021:17:32:10 +0200] "GET /js/splash.js?agdf=%3C?=time()?%3E HTTP/1.1" 304 -
::1 - - [27/May/2021:17:32:10 +0200] "GET /js/main.js?gfcgdd=%3C?=time()?%3E HTTP/1.1" 304 -
::1 - - [27/May/2021:17:32:39 +0200] "GET / HTTP/1.1" 304 -
::1 - - [27/May/2021:17:32:39 +0200] "GET /js/main.js?gfcgdd=%3C?=time()?%3E HTTP/1.1" 304 -
::1 - - [27/May/2021:17:32:39 +0200] "GET /js/splash.js?agdf=%3C?=time()?%3E HTTP/1.1" 304 -
::1 - - [27/May/2021:17:34:30 +0200] "GET / HTTP/1.1" 304 -
::1 - - [27/May/2021:17:34:30 +0200] "GET /js/splash.js?agdf=%3C?=time()?%3E HTTP/1.1" 304 -
::1 - - [27/May/2021:17:34:30 +0200] "GET /js/main.js?gfcgdd=%3C?=time()?%3E HTTP/1.1" 304 -
::1 - - [27/May/2021:17:34:30 +0200] "GET /assets/square.png HTTP/1.1" 304 -
::1 - - [27/May/2021:17:34:48 +0200] "GET / HTTP/1.1" 200 610
::1 - - [27/May/2021:17:34:48 +0200] "GET / HTTP/1.1" 304 -
::1 - - [27/May/2021:17:35:00 +0200] "GET / HTTP/1.1" 200 613
::1 - - [27/May/2021:17:35:00 +0200] "GET /js/splash.js?agasddf=%3C?=time()?%3E HTTP/1.1" 200 1456
