::1 - - [29/Apr/2021:10:56:52 +0200] "GET / HTTP/1.1" 200 1031
::1 - - [29/Apr/2021:10:56:52 +0200] "GET /favicon.ico HTTP/1.1" 404 209
::1 - - [29/Apr/2021:11:05:52 +0200] "GET /Period%204%20Game/ HTTP/1.1" 304 -
::1 - - [29/Apr/2021:11:05:52 +0200] "GET /Period%204%20Game/js/main.js?b=%3C?=time()?%3E HTTP/1.1" 304 -
::1 - - [29/Apr/2021:11:05:52 +0200] "GET /Period%204%20Game/js/menu.js?e=%3C?=time()?%3E HTTP/1.1" 304 -
::1 - - [29/Apr/2021:11:05:52 +0200] "GET /Period%204%20Game/js/splash.js?d=%3C?=time()?%3E HTTP/1.1" 304 -
::1 - - [29/Apr/2021:11:05:52 +0200] "GET /Period%204%20Game/js/sceneMain.js?c=%3C?=time()?%3E HTTP/1.1" 200 4285
::1 - - [29/Apr/2021:11:05:52 +0200] "GET /Period%204%20Game/js/phaser.min.js?a=%3C?=time()?%3E HTTP/1.1" 200 1038969
::1 - - [29/Apr/2021:11:05:53 +0200] "GET /Period%204%20Game/images/ui/splash.png HTTP/1.1" 304 -
::1 - - [29/Apr/2021:11:06:01 +0200] "GET /Period%204%20Game/images/player/dude.png HTTP/1.1" 304 -
::1 - - [29/Apr/2021:11:06:01 +0200] "GET /Period%204%20Game/images/1.png HTTP/1.1" 304 -
::1 - - [29/Apr/2021:11:06:01 +0200] "GET /Period%204%20Game/images/ui/fullscreen.png HTTP/1.1" 304 -
::1 - - [29/Apr/2021:11:08:39 +0200] "GET /Period%204%20Game/ HTTP/1.1" 304 -
::1 - - [29/Apr/2021:12:39:03 +0200] "GET /Period%204%20Game/ HTTP/1.1" 304 -
::1 - - [29/Apr/2021:12:39:32 +0200] "GET /Period%204%20Game/ HTTP/1.1" 304 -
::1 - - [29/Apr/2021:12:40:12 +0200] "GET /Period%204%20Game/ HTTP/1.1" 200 564
::1 - - [29/Apr/2021:12:40:12 +0200] "GET /Period%204%20Game/js/phaser.min.js?k=%3C?=time()?%3E HTTP/1.1" 200 1038969
::1 - - [29/Apr/2021:12:40:12 +0200] "GET /Period%204%20Game/js/main.js?j=%3C?=time()?%3E HTTP/1.1" 200 543
::1 - - [29/Apr/2021:12:40:12 +0200] "GET /Period%204%20Game/js/sceneMain.js?h=%3C?=time()?%3E HTTP/1.1" 200 6522
::1 - - [29/Apr/2021:12:40:23 +0200] "GET /Period%204%20Game/ HTTP/1.1" 304 -
::1 - - [29/Apr/2021:12:40:23 +0200] "GET /Period%204%20Game/js/sceneMain.js?h=%3C?=time()?%3E HTTP/1.1" 304 -
::1 - - [29/Apr/2021:12:40:59 +0200] "GET /Period%204%20Game/ HTTP/1.1" 304 -
::1 - - [29/Apr/2021:12:40:59 +0200] "GET /Period%204%20Game/js/sceneMain.js?h=%3C?=time()?%3E HTTP/1.1" 200 6504
::1 - - [29/Apr/2021:12:42:24 +0200] "GET /Period%204%20Game/ HTTP/1.1" 304 -
::1 - - [29/Apr/2021:12:42:24 +0200] "GET /Period%204%20Game/js/sceneMain.js?h=%3C?=time()?%3E HTTP/1.1" 200 6509
::1 - - [29/Apr/2021:12:42:48 +0200] "GET /Period%204%20Game/ HTTP/1.1" 304 -
::1 - - [29/Apr/2021:12:42:48 +0200] "GET /Period%204%20Game/js/sceneMain.js?h=%3C?=time()?%3E HTTP/1.1" 200 6495
::1 - - [29/Apr/2021:12:43:05 +0200] "GET /Period%204%20Game/ HTTP/1.1" 304 -
::1 - - [29/Apr/2021:12:43:05 +0200] "GET /Period%204%20Game/js/sceneMain.js?h=%3C?=time()?%3E HTTP/1.1" 200 6498
::1 - - [29/Apr/2021:12:43:35 +0200] "GET /Period%204%20Game/ HTTP/1.1" 304 -
::1 - - [29/Apr/2021:12:43:35 +0200] "GET /Period%204%20Game/js/sceneMain.js?h=%3C?=time()?%3E HTTP/1.1" 200 6540
::1 - - [29/Apr/2021:12:43:58 +0200] "GET /Period%204%20Game/ HTTP/1.1" 304 -
::1 - - [29/Apr/2021:12:43:58 +0200] "GET /Period%204%20Game/js/sceneMain.js?h=%3C?=time()?%3E HTTP/1.1" 200 6521
::1 - - [29/Apr/2021:12:45:53 +0200] "GET /Period%204%20Game/ HTTP/1.1" 304 -
::1 - - [29/Apr/2021:12:45:53 +0200] "GET /Period%204%20Game/ HTTP/1.1" 200 564
::1 - - [29/Apr/2021:12:45:53 +0200] "GET /Period%204%20Game/js/sceneMain.js?h=%3C?=time()?%3E HTTP/1.1" 200 6547
::1 - - [29/Apr/2021:12:57:36 +0200] "GET /Period%204%20Game/ HTTP/1.1" 304 -
::1 - - [29/Apr/2021:12:57:36 +0200] "GET /Period%204%20Game/js/sceneMain.js?h=%3C?=time()?%3E HTTP/1.1" 200 6628
::1 - - [29/Apr/2021:13:01:53 +0200] "GET /Period%204%20Game/ HTTP/1.1" 200 564
::1 - - [29/Apr/2021:13:01:53 +0200] "GET /Period%204%20Game/ HTTP/1.1" 304 -
::1 - - [29/Apr/2021:13:01:53 +0200] "GET /Period%204%20Game/js/sceneMain.js?h=%3C?=time()?%3E HTTP/1.1" 200 7404
::1 - - [29/Apr/2021:13:02:50 +0200] "GET /Period%204%20Game/ HTTP/1.1" 304 -
::1 - - [29/Apr/2021:13:02:50 +0200] "GET /Period%204%20Game/js/sceneMain.js?h=%3C?=time()?%3E HTTP/1.1" 200 7414
::1 - - [29/Apr/2021:13:05:35 +0200] "GET /Period%204%20Game/ HTTP/1.1" 304 -
::1 - - [29/Apr/2021:13:05:35 +0200] "GET /Period%204%20Game/js/sceneMain.js?h=%3C?=time()?%3E HTTP/1.1" 200 7449
::1 - - [29/Apr/2021:13:12:48 +0200] "GET /Period%204%20Game/ HTTP/1.1" 304 -
::1 - - [29/Apr/2021:13:12:48 +0200] "GET /Period%204%20Game/js/sceneMain.js?h=%3C?=time()?%3E HTTP/1.1" 200 7438
::1 - - [29/Apr/2021:13:14:20 +0200] "GET /Period%204%20Game/ HTTP/1.1" 304 -
::1 - - [29/Apr/2021:13:14:20 +0200] "GET /Period%204%20Game/ HTTP/1.1" 200 564
::1 - - [29/Apr/2021:13:14:20 +0200] "GET /Period%204%20Game/js/sceneMain.js?h=%3C?=time()?%3E HTTP/1.1" 200 7413
::1 - - [29/Apr/2021:13:14:55 +0200] "GET /Period%204%20Game/ HTTP/1.1" 304 -
::1 - - [29/Apr/2021:13:14:55 +0200] "GET /Period%204%20Game/js/sceneMain.js?h=%3C?=time()?%3E HTTP/1.1" 200 7415
::1 - - [29/Apr/2021:13:21:25 +0200] "GET /Period%204%20Game/ HTTP/1.1" 304 -
::1 - - [29/Apr/2021:13:21:25 +0200] "GET /Period%204%20Game/js/sceneMain.js?h=%3C?=time()?%3E HTTP/1.1" 200 7423
::1 - - [29/Apr/2021:13:22:09 +0200] "GET /Period%204%20Game/ HTTP/1.1" 304 -
::1 - - [29/Apr/2021:13:22:09 +0200] "GET /Period%204%20Game/js/sceneMain.js?h=%3C?=time()?%3E HTTP/1.1" 200 7437
::1 - - [29/Apr/2021:13:22:10 +0200] "GET /Period%204%20Game/ HTTP/1.1" 304 -
::1 - - [29/Apr/2021:13:22:11 +0200] "GET /Period%204%20Game/js/sceneMain.js?h=%3C?=time()?%3E HTTP/1.1" 304 -
::1 - - [29/Apr/2021:13:22:39 +0200] "GET /Period%204%20Game/ HTTP/1.1" 304 -
::1 - - [29/Apr/2021:13:22:39 +0200] "GET /Period%204%20Game/js/sceneMain.js?h=%3C?=time()?%3E HTTP/1.1" 200 7436
::1 - - [29/Apr/2021:13:26:00 +0200] "GET /Period%204%20Game/ HTTP/1.1" 304 -
::1 - - [29/Apr/2021:13:26:00 +0200] "GET /Period%204%20Game/js/sceneMain.js?h=%3C?=time()?%3E HTTP/1.1" 200 7441
::1 - - [29/Apr/2021:13:26:24 +0200] "GET /Period%204%20Game/ HTTP/1.1" 304 -
::1 - - [29/Apr/2021:13:26:24 +0200] "GET /Period%204%20Game/js/sceneMain.js?h=%3C?=time()?%3E HTTP/1.1" 200 7455
::1 - - [29/Apr/2021:13:29:52 +0200] "GET /Period%204%20Game/ HTTP/1.1" 304 -
::1 - - [29/Apr/2021:13:29:53 +0200] "GET /Period%204%20Game/js/sceneMain.js?h=%3C?=time()?%3E HTTP/1.1" 200 7441
::1 - - [29/Apr/2021:13:30:17 +0200] "GET /Period%204%20Game/ HTTP/1.1" 304 -
::1 - - [29/Apr/2021:13:30:17 +0200] "GET /Period%204%20Game/js/sceneMain.js?h=%3C?=time()?%3E HTTP/1.1" 304 -
::1 - - [29/Apr/2021:13:30:18 +0200] "GET /Period%204%20Game/ HTTP/1.1" 304 -
::1 - - [29/Apr/2021:13:32:05 +0200] "GET /Period%204%20Game/ HTTP/1.1" 304 -
::1 - - [29/Apr/2021:13:32:05 +0200] "GET /Period%204%20Game/js/sceneMain.js?h=%3C?=time()?%3E HTTP/1.1" 200 7441
::1 - - [29/Apr/2021:13:32:52 +0200] "GET /Period%204%20Game/ HTTP/1.1" 304 -
::1 - - [29/Apr/2021:13:32:52 +0200] "GET /Period%204%20Game/js/sceneMain.js?h=%3C?=time()?%3E HTTP/1.1" 200 7441
::1 - - [29/Apr/2021:13:33:46 +0200] "GET /Period%204%20Game/ HTTP/1.1" 304 -
::1 - - [29/Apr/2021:13:33:46 +0200] "GET /Period%204%20Game/js/sceneMain.js?h=%3C?=time()?%3E HTTP/1.1" 200 7441
::1 - - [29/Apr/2021:13:34:22 +0200] "GET /Period%204%20Game/ HTTP/1.1" 304 -
::1 - - [29/Apr/2021:13:34:22 +0200] "GET /Period%204%20Game/js/sceneMain.js?h=%3C?=time()?%3E HTTP/1.1" 200 7447
::1 - - [29/Apr/2021:13:36:50 +0200] "GET /Period%204%20Game/ HTTP/1.1" 304 -
::1 - - [29/Apr/2021:13:36:50 +0200] "GET /Period%204%20Game/js/sceneMain.js?h=%3C?=time()?%3E HTTP/1.1" 200 7434
::1 - - [29/Apr/2021:13:37:42 +0200] "GET /Period%204%20Game/ HTTP/1.1" 304 -
::1 - - [29/Apr/2021:13:37:42 +0200] "GET /Period%204%20Game/js/sceneMain.js?h=%3C?=time()?%3E HTTP/1.1" 200 7465
::1 - - [29/Apr/2021:13:38:40 +0200] "GET /Period%204%20Game/ HTTP/1.1" 304 -
::1 - - [29/Apr/2021:13:38:40 +0200] "GET /Period%204%20Game/js/sceneMain.js?h=%3C?=time()?%3E HTTP/1.1" 200 7581
::1 - - [29/Apr/2021:13:39:45 +0200] "GET /Period%204%20Game/ HTTP/1.1" 304 -
::1 - - [29/Apr/2021:13:39:45 +0200] "GET /Period%204%20Game/js/sceneMain.js?h=%3C?=time()?%3E HTTP/1.1" 200 7581
::1 - - [29/Apr/2021:13:40:11 +0200] "GET /Period%204%20Game/ HTTP/1.1" 304 -
::1 - - [29/Apr/2021:13:40:11 +0200] "GET /Period%204%20Game/js/sceneMain.js?h=%3C?=time()?%3E HTTP/1.1" 200 7578
::1 - - [29/Apr/2021:13:41:23 +0200] "GET /Period%204%20Game/ HTTP/1.1" 304 -
::1 - - [29/Apr/2021:13:41:23 +0200] "GET /Period%204%20Game/js/sceneMain.js?h=%3C?=time()?%3E HTTP/1.1" 200 7532
::1 - - [29/Apr/2021:13:42:01 +0200] "GET /Period%204%20Game/ HTTP/1.1" 304 -
::1 - - [29/Apr/2021:13:42:01 +0200] "GET /Period%204%20Game/js/sceneMain.js?h=%3C?=time()?%3E HTTP/1.1" 200 7588
::1 - - [29/Apr/2021:13:42:27 +0200] "GET /Period%204%20Game/ HTTP/1.1" 304 -
::1 - - [29/Apr/2021:13:42:27 +0200] "GET /Period%204%20Game/js/sceneMain.js?h=%3C?=time()?%3E HTTP/1.1" 200 7591
::1 - - [29/Apr/2021:14:07:40 +0200] "GET /Period%204%20Game/ HTTP/1.1" 304 -
::1 - - [29/Apr/2021:14:07:40 +0200] "GET /Period%204%20Game/js/sceneMain.js?h=%3C?=time()?%3E HTTP/1.1" 200 7588
